mode: set
server/api/domain/model/book.go:18.32,20.16 2 1
server/api/domain/model/book.go:23.2,25.12 2 1
server/api/domain/model/book.go:20.16,22.3 1 0
server/api/domain/model/book.go:28.44,30.2 1 1
server/api/domain/model/model.go:7.32,8.20 1 1
server/api/domain/model/model.go:16.2,16.22 1 1
server/api/domain/model/model.go:8.20,10.17 2 1
server/api/domain/model/model.go:13.3,13.27 1 1
server/api/domain/model/model.go:10.17,12.4 1 0
server/api/domain/model/model.go:19.30,21.2 1 1
server/api/application/application.go:29.66,31.2 1 1
server/api/application/book.go:19.85,21.2 1 1
server/api/application/book.go:23.76,25.2 1 1
server/api/application/book.go:27.100,32.39 2 1
server/api/application/book.go:36.2,36.57 1 1
server/api/application/book.go:32.39,34.3 1 0
server/api/application/book.go:39.100,41.16 2 1
server/api/application/book.go:44.2,44.17 1 1
server/api/application/book.go:48.2,50.57 2 1
server/api/application/book.go:41.16,43.3 1 1
server/api/application/book.go:44.17,46.3 1 1
server/api/application/book.go:53.73,55.16 2 1
server/api/application/book.go:58.2,58.17 1 1
server/api/application/book.go:62.2,62.57 1 1
server/api/application/book.go:55.16,57.3 1 1
server/api/application/book.go:58.17,60.3 1 1
server/api/handler/book.go:11.50,13.38 2 1
server/api/handler/book.go:17.2,19.16 3 1
server/api/handler/book.go:23.2,23.36 1 1
server/api/handler/book.go:13.38,15.3 1 0
server/api/handler/book.go:19.16,21.3 1 1
server/api/handler/book.go:26.51,29.16 3 1
server/api/handler/book.go:33.2,33.36 1 1
server/api/handler/book.go:29.16,31.3 1 1
server/api/handler/book.go:36.53,38.38 2 1
server/api/handler/book.go:42.2,46.16 3 1
server/api/handler/book.go:50.2,50.41 1 1
server/api/handler/book.go:38.38,40.3 1 0
server/api/handler/book.go:46.16,48.3 1 1
server/api/handler/book.go:53.53,55.38 2 1
server/api/handler/book.go:59.2,64.16 3 1
server/api/handler/book.go:68.2,68.36 1 1
server/api/handler/book.go:55.38,57.3 1 0
server/api/handler/book.go:64.16,66.3 1 1
server/api/handler/book.go:71.53,73.38 2 1
server/api/handler/book.go:77.2,78.64 2 1
server/api/handler/book.go:82.2,82.43 1 1
server/api/handler/book.go:73.38,75.3 1 0
server/api/handler/book.go:78.64,80.3 1 1
server/api/handler/error.go:14.70,16.27 2 1
server/api/handler/error.go:26.2,26.47 1 1
server/api/handler/error.go:17.34,19.28 2 0
server/api/handler/error.go:22.10,23.63 1 1
server/api/handler/error.go:19.28,21.4 1 0
server/api/handler/handler.go:19.12,24.2 1 1
server/api/handler/handler.go:26.46,28.2 2 0
server/api/handler/handler.go:28.2,30.3 2 0
server/api/handler/handler.go:30.3,36.4 5 0
server/api/handler/handler.go:40.59,42.2 1 1
server/api/infrastracture/persistence/book.go:21.50,23.2 1 1
server/api/infrastracture/persistence/book.go:25.103,27.16 2 1
server/api/infrastracture/persistence/book.go:31.2,32.45 2 1
server/api/infrastracture/persistence/book.go:36.2,36.18 1 1
server/api/infrastracture/persistence/book.go:27.16,29.3 1 0
server/api/infrastracture/persistence/book.go:32.45,34.3 1 0
server/api/infrastracture/persistence/book.go:39.116,41.16 2 1
server/api/infrastracture/persistence/book.go:45.2,46.63 2 1
server/api/infrastracture/persistence/book.go:53.2,53.19 1 1
server/api/infrastracture/persistence/book.go:41.16,43.3 1 0
server/api/infrastracture/persistence/book.go:46.63,47.45 1 1
server/api/infrastracture/persistence/book.go:50.3,50.18 1 0
server/api/infrastracture/persistence/book.go:47.45,49.4 1 1
server/api/infrastracture/persistence/book.go:56.118,58.16 2 1
server/api/infrastracture/persistence/book.go:62.2,62.46 1 1
server/api/infrastracture/persistence/book.go:66.2,66.18 1 1
server/api/infrastracture/persistence/book.go:58.16,60.3 1 0
server/api/infrastracture/persistence/book.go:62.46,64.3 1 1
server/api/infrastracture/persistence/book.go:69.118,71.16 2 1
server/api/infrastracture/persistence/book.go:75.2,75.62 1 1
server/api/infrastracture/persistence/book.go:79.2,79.18 1 1
server/api/infrastracture/persistence/book.go:71.16,73.3 1 0
server/api/infrastracture/persistence/book.go:75.62,77.3 1 0
server/api/infrastracture/persistence/book.go:82.103,84.16 2 1
server/api/infrastracture/persistence/book.go:88.2,88.30 1 1
server/api/infrastracture/persistence/book.go:84.16,86.3 1 0
server/api/infrastracture/persistence/repository.go:18.69,20.16 2 1
server/api/infrastracture/persistence/repository.go:24.2,24.33 1 1
server/api/infrastracture/persistence/repository.go:20.16,22.3 1 0
server/api/infrastracture/persistence/repository.go:27.53,29.2 1 1
server/api/infrastracture/persistence/repository.go:31.45,33.2 1 1
server/api/infrastracture/persistence/repository.go:35.64,37.2 1 1
server/config/config.go:11.45,13.40 2 1
server/config/config.go:16.2,16.18 1 1
server/config/config.go:13.40,15.3 1 0
